2014/03/29 22:40:24 [error] [exception.CException] exception 'CException' with message 'Property "CMenu.0" is not defined.' in /home/rafal/www/mag/framework/base/CComponent.php:173
Stack trace:
#0 /home/rafal/www/mag/framework/web/CWidgetFactory.php(161): CComponent->__set('0', Array)
#1 /home/rafal/www/mag/framework/web/CBaseController.php(146): CWidgetFactory->createWidget(Object(SiteController), 'zii.widgets.CMe...', Array)
#2 /home/rafal/www/mag/framework/web/CBaseController.php(172): CBaseController->createWidget('zii.widgets.CMe...', Array)
#3 /home/rafal/www/mag/protected/views/layouts/main.php(349): CBaseController->widget('zii.widgets.CMe...', Array)
#4 /home/rafal/www/mag/framework/web/CBaseController.php(126): require('/home/rafal/www...')
#5 /home/rafal/www/mag/framework/web/CBaseController.php(95): CBaseController->renderInternal('/home/rafal/www...', Array, true)
#6 /home/rafal/www/mag/framework/web/widgets/CContentDecorator.php(76): CBaseController->renderFile('/home/rafal/www...', Array, true)
#7 /home/rafal/www/mag/framework/web/widgets/CContentDecorator.php(54): CContentDecorator->decorate('<div id="conten...')
#8 /home/rafal/www/mag/framework/web/widgets/COutputProcessor.php(44): CContentDecorator->processOutput('<div id="conten...')
#9 /home/rafal/www/mag/framework/web/CBaseController.php(206): COutputProcessor->run()
#10 /home/rafal/www/mag/framework/web/CBaseController.php(300): CBaseController->endWidget('CContentDecorat...')
#11 /home/rafal/www/mag/protected/views/layouts/column1.php(6): CBaseController->endContent()
#12 /home/rafal/www/mag/framework/web/CBaseController.php(126): require('/home/rafal/www...')
#13 /home/rafal/www/mag/framework/web/CBaseController.php(95): CBaseController->renderInternal('/home/rafal/www...', Array, true)
#14 /home/rafal/www/mag/framework/web/CController.php(784): CBaseController->renderFile('/home/rafal/www...', Array, true)
#15 /home/rafal/www/mag/protected/controllers/SiteController.php(98): CController->render('login', Array)
#16 /home/rafal/www/mag/framework/web/actions/CInlineAction.php(49): SiteController->actionLogin()
#17 /home/rafal/www/mag/framework/web/CController.php(308): CInlineAction->runWithParams(Array)
#18 /home/rafal/www/mag/framework/web/CController.php(286): CController->runAction(Object(CInlineAction))
#19 /home/rafal/www/mag/framework/web/CController.php(265): CController->runActionWithFilters(Object(CInlineAction), Array)
#20 /home/rafal/www/mag/framework/web/CWebApplication.php(282): CController->run('login')
#21 /home/rafal/www/mag/framework/web/CWebApplication.php(141): CWebApplication->runController('site/login')
#22 /home/rafal/www/mag/framework/base/CApplication.php(180): CWebApplication->processRequest()
#23 /home/rafal/www/mag/index.php(13): CApplication->run()
#24 {main}
REQUEST_URI=/index.php?r=site/login
HTTP_REFERER=http://mag.local/index.php
---
2014/03/29 22:40:45 [error] [exception.CException] exception 'CException' with message 'Property "CMenu.class" is not defined.' in /home/rafal/www/mag/framework/base/CComponent.php:173
Stack trace:
#0 /home/rafal/www/mag/framework/web/CWidgetFactory.php(161): CComponent->__set('class', 'nav navbar-nav')
#1 /home/rafal/www/mag/framework/web/CBaseController.php(146): CWidgetFactory->createWidget(Object(SiteController), 'zii.widgets.CMe...', Array)
#2 /home/rafal/www/mag/framework/web/CBaseController.php(172): CBaseController->createWidget('zii.widgets.CMe...', Array)
#3 /home/rafal/www/mag/protected/views/layouts/main.php(349): CBaseController->widget('zii.widgets.CMe...', Array)
#4 /home/rafal/www/mag/framework/web/CBaseController.php(126): require('/home/rafal/www...')
#5 /home/rafal/www/mag/framework/web/CBaseController.php(95): CBaseController->renderInternal('/home/rafal/www...', Array, true)
#6 /home/rafal/www/mag/framework/web/widgets/CContentDecorator.php(76): CBaseController->renderFile('/home/rafal/www...', Array, true)
#7 /home/rafal/www/mag/framework/web/widgets/CContentDecorator.php(54): CContentDecorator->decorate('<div id="conten...')
#8 /home/rafal/www/mag/framework/web/widgets/COutputProcessor.php(44): CContentDecorator->processOutput('<div id="conten...')
#9 /home/rafal/www/mag/framework/web/CBaseController.php(206): COutputProcessor->run()
#10 /home/rafal/www/mag/framework/web/CBaseController.php(300): CBaseController->endWidget('CContentDecorat...')
#11 /home/rafal/www/mag/protected/views/layouts/column1.php(6): CBaseController->endContent()
#12 /home/rafal/www/mag/framework/web/CBaseController.php(126): require('/home/rafal/www...')
#13 /home/rafal/www/mag/framework/web/CBaseController.php(95): CBaseController->renderInternal('/home/rafal/www...', Array, true)
#14 /home/rafal/www/mag/framework/web/CController.php(784): CBaseController->renderFile('/home/rafal/www...', Array, true)
#15 /home/rafal/www/mag/protected/controllers/SiteController.php(98): CController->render('login', Array)
#16 /home/rafal/www/mag/framework/web/actions/CInlineAction.php(49): SiteController->actionLogin()
#17 /home/rafal/www/mag/framework/web/CController.php(308): CInlineAction->runWithParams(Array)
#18 /home/rafal/www/mag/framework/web/CController.php(286): CController->runAction(Object(CInlineAction))
#19 /home/rafal/www/mag/framework/web/CController.php(265): CController->runActionWithFilters(Object(CInlineAction), Array)
#20 /home/rafal/www/mag/framework/web/CWebApplication.php(282): CController->run('login')
#21 /home/rafal/www/mag/framework/web/CWebApplication.php(141): CWebApplication->runController('site/login')
#22 /home/rafal/www/mag/framework/base/CApplication.php(180): CWebApplication->processRequest()
#23 /home/rafal/www/mag/index.php(13): CApplication->run()
#24 {main}
REQUEST_URI=/index.php?r=site/login
HTTP_REFERER=http://mag.local/index.php
---
2014/03/29 22:41:03 [error] [exception.CException] exception 'CException' with message 'Property "CMenu.class" is not defined.' in /home/rafal/www/mag/framework/base/CComponent.php:173
Stack trace:
#0 /home/rafal/www/mag/framework/web/CWidgetFactory.php(161): CComponent->__set('class', 'nav navbar-nav')
#1 /home/rafal/www/mag/framework/web/CBaseController.php(146): CWidgetFactory->createWidget(Object(SiteController), 'zii.widgets.CMe...', Array)
#2 /home/rafal/www/mag/framework/web/CBaseController.php(172): CBaseController->createWidget('zii.widgets.CMe...', Array)
#3 /home/rafal/www/mag/protected/views/layouts/main.php(350): CBaseController->widget('zii.widgets.CMe...', Array)
#4 /home/rafal/www/mag/framework/web/CBaseController.php(126): require('/home/rafal/www...')
#5 /home/rafal/www/mag/framework/web/CBaseController.php(95): CBaseController->renderInternal('/home/rafal/www...', Array, true)
#6 /home/rafal/www/mag/framework/web/widgets/CContentDecorator.php(76): CBaseController->renderFile('/home/rafal/www...', Array, true)
#7 /home/rafal/www/mag/framework/web/widgets/CContentDecorator.php(54): CContentDecorator->decorate('<div id="conten...')
#8 /home/rafal/www/mag/framework/web/widgets/COutputProcessor.php(44): CContentDecorator->processOutput('<div id="conten...')
#9 /home/rafal/www/mag/framework/web/CBaseController.php(206): COutputProcessor->run()
#10 /home/rafal/www/mag/framework/web/CBaseController.php(300): CBaseController->endWidget('CContentDecorat...')
#11 /home/rafal/www/mag/protected/views/layouts/column1.php(6): CBaseController->endContent()
#12 /home/rafal/www/mag/framework/web/CBaseController.php(126): require('/home/rafal/www...')
#13 /home/rafal/www/mag/framework/web/CBaseController.php(95): CBaseController->renderInternal('/home/rafal/www...', Array, true)
#14 /home/rafal/www/mag/framework/web/CController.php(784): CBaseController->renderFile('/home/rafal/www...', Array, true)
#15 /home/rafal/www/mag/protected/controllers/SiteController.php(98): CController->render('login', Array)
#16 /home/rafal/www/mag/framework/web/actions/CInlineAction.php(49): SiteController->actionLogin()
#17 /home/rafal/www/mag/framework/web/CController.php(308): CInlineAction->runWithParams(Array)
#18 /home/rafal/www/mag/framework/web/CController.php(286): CController->runAction(Object(CInlineAction))
#19 /home/rafal/www/mag/framework/web/CController.php(265): CController->runActionWithFilters(Object(CInlineAction), Array)
#20 /home/rafal/www/mag/framework/web/CWebApplication.php(282): CController->run('login')
#21 /home/rafal/www/mag/framework/web/CWebApplication.php(141): CWebApplication->runController('site/login')
#22 /home/rafal/www/mag/framework/base/CApplication.php(180): CWebApplication->processRequest()
#23 /home/rafal/www/mag/index.php(13): CApplication->run()
#24 {main}
REQUEST_URI=/index.php?r=site/login
HTTP_REFERER=http://mag.local/index.php
---
2014/03/30 18:27:34 [error] [exception.CException] exception 'CException' with message 'Property "SiteController.username" is not defined.' in /home/rafal/www/mag/framework/base/CComponent.php:130
Stack trace:
#0 /home/rafal/www/mag/protected/controllers/SiteController.php(108): CComponent->__get('username')
#1 /home/rafal/www/mag/framework/web/actions/CInlineAction.php(49): SiteController->actionRegister()
#2 /home/rafal/www/mag/framework/web/CController.php(308): CInlineAction->runWithParams(Array)
#3 /home/rafal/www/mag/framework/web/CController.php(286): CController->runAction(Object(CInlineAction))
#4 /home/rafal/www/mag/framework/web/CController.php(265): CController->runActionWithFilters(Object(CInlineAction), Array)
#5 /home/rafal/www/mag/framework/web/CWebApplication.php(282): CController->run('register')
#6 /home/rafal/www/mag/framework/web/CWebApplication.php(141): CWebApplication->runController('site/register')
#7 /home/rafal/www/mag/framework/base/CApplication.php(180): CWebApplication->processRequest()
#8 /home/rafal/www/mag/index.php(13): CApplication->run()
#9 {main}
REQUEST_URI=/index.php?r=site/register
HTTP_REFERER=http://mag.local/index.php?r=site/register
---
2014/03/30 18:30:02 [error] [php] Undefined variable: POST (/home/rafal/www/mag/protected/controllers/SiteController.php:105)
Stack trace:
#0 /home/rafal/www/mag/framework/web/CController.php(286): SiteController->runAction()
#1 /home/rafal/www/mag/framework/web/CController.php(265): SiteController->runActionWithFilters()
#2 /home/rafal/www/mag/framework/web/CWebApplication.php(282): SiteController->run()
#3 /home/rafal/www/mag/framework/web/CWebApplication.php(141): CWebApplication->runController()
#4 /home/rafal/www/mag/framework/base/CApplication.php(180): CWebApplication->processRequest()
#5 /home/rafal/www/mag/index.php(13): CWebApplication->run()
REQUEST_URI=/index.php?r=site/register
in /home/rafal/www/mag/protected/controllers/SiteController.php (105)
in /home/rafal/www/mag/index.php (13)
2014/03/30 20:27:49 [error] [php] Array to string conversion (/home/rafal/www/mag/framework/web/helpers/CHtml.php:2019)
Stack trace:
#0 /home/rafal/www/mag/framework/web/CBaseController.php(126): require()
#1 /home/rafal/www/mag/framework/web/CBaseController.php(95): SiteController->renderInternal()
#2 /home/rafal/www/mag/framework/web/CController.php(869): SiteController->renderFile()
#3 /home/rafal/www/mag/framework/web/CController.php(782): SiteController->renderPartial()
#4 /home/rafal/www/mag/protected/controllers/SiteController.php(72): SiteController->render()
#5 /home/rafal/www/mag/framework/web/actions/CInlineAction.php(49): SiteController->actionContact()
#6 /home/rafal/www/mag/framework/web/CController.php(308): CInlineAction->runWithParams()
#7 /home/rafal/www/mag/framework/web/CController.php(286): SiteController->runAction()
#8 /home/rafal/www/mag/framework/web/CController.php(265): SiteController->runActionWithFilters()
#9 /home/rafal/www/mag/framework/web/CWebApplication.php(282): SiteController->run()
#10 /home/rafal/www/mag/framework/web/CWebApplication.php(141): CWebApplication->runController()
#11 /home/rafal/www/mag/framework/base/CApplication.php(180): CWebApplication->processRequest()
#12 /home/rafal/www/mag/index.php(13): CWebApplication->run()
REQUEST_URI=/index.php?r=site/contact
in /home/rafal/www/mag/protected/views/site/contact.php (39)
in /home/rafal/www/mag/protected/controllers/SiteController.php (72)
in /home/rafal/www/mag/index.php (13)
